<?xml version="1.0" encoding="UTF-8"?>
<!-- Generated by org.testng.reporters.JUnitXMLReporter -->
<testsuite hostname="DESKTOP-JCJ8HOK" ignored="0" name="AutomationTest" tests="4" failures="0" timestamp="25 Sep 2023 10:32:03 GMT" time="46.489" errors="0">
  <testcase name="radioButtonTest" time="0.923" classname="testng.RadioButton1"/>
  <testcase name="checkboxTest" time="0.858" classname="testng.CheckBox1"/>
  <testcase name="amazon" time="6.618" classname="testng.TNG_003"/>
  <testcase name="linktesting1" time="1.233" classname="testng.LinksTesting1"/>
</testsuite> <!-- AutomationTest -->
