<?xml version="1.0" encoding="UTF-8"?>
<!-- Generated by org.testng.reporters.JUnitXMLReporter -->
<testsuite hostname="DESKTOP-JCJ8HOK" ignored="1" name="AutomationTest" tests="4" failures="0" timestamp="22 Sep 2023 10:53:15 GMT" time="20.16" errors="0">
  <testcase name="f" time="0.014" classname="testng.TNG_001"/>
  <testcase name="amazon" time="7.252" classname="testng.TNG_003"/>
  <testcase name="f" time="0.012" classname="testng.TNG_002"/>
  <testcase name="a" time="0.004" classname="testng.TNG_002"/>
  <testcase name="z" time="0.0" classname="testng.TNG_002">
    <ignored/>
  </testcase> <!-- z -->
</testsuite> <!-- AutomationTest -->
