<?xml version="1.0" encoding="UTF-8"?>
<!-- Generated by org.testng.reporters.JUnitXMLReporter -->
<testsuite hostname="DESKTOP-JCJ8HOK" ignored="0" name="ChromeTest" tests="4" failures="0" timestamp="25 Sep 2023 10:41:33 GMT" time="40.86" errors="0">
  <testcase name="radioButtonTest" time="0.692" classname="testng.RadioButton1"/>
  <testcase name="checkboxTest" time="0.265" classname="testng.CheckBox1"/>
  <testcase name="amazon" time="5.641" classname="testng.TNG_003"/>
  <testcase name="linktesting1" time="1.287" classname="testng.LinksTesting1"/>
</testsuite> <!-- ChromeTest -->
