<?xml version="1.0" encoding="UTF-8"?>
<!-- Generated by org.testng.reporters.JUnitXMLReporter -->
<testsuite hostname="DESKTOP-JCJ8HOK" ignored="0" name="FirefoxTest" tests="4" failures="0" timestamp="25 Sep 2023 10:42:36 GMT" time="62.56" errors="0">
  <testcase name="radioButtonTest" time="0.953" classname="testng.RadioButton1"/>
  <testcase name="checkboxTest" time="0.333" classname="testng.CheckBox1"/>
  <testcase name="amazon" time="4.57" classname="testng.TNG_003"/>
  <testcase name="linktesting1" time="1.136" classname="testng.LinksTesting1"/>
</testsuite> <!-- FirefoxTest -->
