<?xml version="1.0" encoding="UTF-8"?>
<testng-results skipped="0" failed="0" ignored="1" total="5" passed="4">
  <reporter-output>
  </reporter-output>
  <suite name="AutomationSuite" duration-ms="20160" started-at="2023-09-22T10:52:55Z" finished-at="2023-09-22T10:53:15Z">
    <groups>
    </groups>
    <test name="AutomationTest" duration-ms="20160" started-at="2023-09-22T10:52:55Z" finished-at="2023-09-22T10:53:15Z">
      <class name="testng.TNG_003">
        <test-method status="PASS" signature="startProcess()[pri:0, instance:testng.TNG_003@47ef968d]" name="startProcess" is-config="true" duration-ms="9983" started-at="2023-09-22T10:52:55Z" finished-at="2023-09-22T10:53:05Z">
          <reporter-output>
          </reporter-output>
        </test-method> <!-- startProcess -->
        <test-method status="PASS" signature="amazon()[pri:0, instance:testng.TNG_003@47ef968d]" name="amazon" duration-ms="7252" started-at="2023-09-22T10:53:05Z" finished-at="2023-09-22T10:53:12Z">
          <reporter-output>
          </reporter-output>
        </test-method> <!-- amazon -->
        <test-method status="PASS" signature="endProcess()[pri:0, instance:testng.TNG_003@47ef968d]" name="endProcess" is-config="true" duration-ms="2787" started-at="2023-09-22T10:53:12Z" finished-at="2023-09-22T10:53:15Z">
          <reporter-output>
          </reporter-output>
        </test-method> <!-- endProcess -->
      </class> <!-- testng.TNG_003 -->
      <class name="testng.TNG_001">
        <test-method status="PASS" signature="f()[pri:0, instance:testng.TNG_001@5bc79255]" name="f" duration-ms="14" started-at="2023-09-22T10:52:55Z" finished-at="2023-09-22T10:52:55Z">
          <reporter-output>
          </reporter-output>
        </test-method> <!-- f -->
      </class> <!-- testng.TNG_001 -->
      <class name="testng.TNG_002">
        <test-method status="PASS" signature="beforeSuite()[pri:0, instance:testng.TNG_002@6e0e048a]" name="beforeSuite" is-config="true" duration-ms="52" started-at="2023-09-22T10:52:55Z" finished-at="2023-09-22T10:52:55Z">
          <reporter-output>
          </reporter-output>
        </test-method> <!-- beforeSuite -->
        <test-method status="PASS" signature="beforeTest()[pri:0, instance:testng.TNG_002@6e0e048a]" name="beforeTest" is-config="true" duration-ms="2" started-at="2023-09-22T10:52:55Z" finished-at="2023-09-22T10:52:55Z">
          <reporter-output>
          </reporter-output>
        </test-method> <!-- beforeTest -->
        <test-method status="PASS" signature="beforeClass()[pri:0, instance:testng.TNG_002@6e0e048a]" name="beforeClass" is-config="true" duration-ms="0" started-at="2023-09-22T10:53:15Z" finished-at="2023-09-22T10:53:15Z">
          <reporter-output>
          </reporter-output>
        </test-method> <!-- beforeClass -->
        <test-method status="PASS" signature="beforeMethod()[pri:0, instance:testng.TNG_002@6e0e048a]" name="beforeMethod" is-config="true" duration-ms="1" started-at="2023-09-22T10:53:15Z" finished-at="2023-09-22T10:53:15Z">
          <reporter-output>
          </reporter-output>
        </test-method> <!-- beforeMethod -->
        <test-method status="PASS" signature="f()[pri:1, instance:testng.TNG_002@6e0e048a]" name="f" duration-ms="12" started-at="2023-09-22T10:53:15Z" finished-at="2023-09-22T10:53:15Z">
          <reporter-output>
          </reporter-output>
        </test-method> <!-- f -->
        <test-method status="PASS" signature="afterMethod()[pri:0, instance:testng.TNG_002@6e0e048a]" name="afterMethod" is-config="true" duration-ms="2" started-at="2023-09-22T10:53:15Z" finished-at="2023-09-22T10:53:15Z">
          <reporter-output>
          </reporter-output>
        </test-method> <!-- afterMethod -->
        <test-method status="PASS" signature="beforeMethod()[pri:0, instance:testng.TNG_002@6e0e048a]" name="beforeMethod" is-config="true" duration-ms="1" started-at="2023-09-22T10:53:15Z" finished-at="2023-09-22T10:53:15Z">
          <reporter-output>
          </reporter-output>
        </test-method> <!-- beforeMethod -->
        <test-method status="PASS" signature="a()[pri:2, instance:testng.TNG_002@6e0e048a]" name="a" duration-ms="4" started-at="2023-09-22T10:53:15Z" finished-at="2023-09-22T10:53:15Z">
          <reporter-output>
          </reporter-output>
        </test-method> <!-- a -->
        <test-method status="PASS" signature="afterMethod()[pri:0, instance:testng.TNG_002@6e0e048a]" name="afterMethod" is-config="true" duration-ms="5" started-at="2023-09-22T10:53:15Z" finished-at="2023-09-22T10:53:15Z">
          <reporter-output>
          </reporter-output>
        </test-method> <!-- afterMethod -->
        <test-method status="PASS" signature="afterClass()[pri:0, instance:testng.TNG_002@6e0e048a]" name="afterClass" is-config="true" duration-ms="2" started-at="2023-09-22T10:53:15Z" finished-at="2023-09-22T10:53:15Z">
          <reporter-output>
          </reporter-output>
        </test-method> <!-- afterClass -->
        <test-method status="PASS" signature="afterTest()[pri:0, instance:testng.TNG_002@6e0e048a]" name="afterTest" is-config="true" duration-ms="2" started-at="2023-09-22T10:53:15Z" finished-at="2023-09-22T10:53:15Z">
          <reporter-output>
          </reporter-output>
        </test-method> <!-- afterTest -->
        <test-method status="PASS" signature="afterSuite()[pri:0, instance:testng.TNG_002@6e0e048a]" name="afterSuite" is-config="true" duration-ms="1" started-at="2023-09-22T10:53:15Z" finished-at="2023-09-22T10:53:15Z">
          <reporter-output>
          </reporter-output>
        </test-method> <!-- afterSuite -->
      </class> <!-- testng.TNG_002 -->
    </test> <!-- AutomationTest -->
  </suite> <!-- AutomationSuite -->
</testng-results>
