<?xml version="1.0" encoding="UTF-8"?>
<testng-results skipped="0" failed="0" ignored="0" total="6" passed="6">
  <reporter-output>
  </reporter-output>
  <suite name="megasuite" duration-ms="0" started-at="2023-09-25T11:07:55Z" finished-at="2023-09-25T11:07:55Z">
    <groups>
    </groups>
  </suite> <!-- megasuite -->
  <suite name="SuiteA" duration-ms="121" started-at="2023-09-25T11:07:54Z" finished-at="2023-09-25T11:07:54Z">
    <groups>
    </groups>
    <test name="TestA" duration-ms="121" started-at="2023-09-25T11:07:54Z" finished-at="2023-09-25T11:07:54Z">
      <class name="suiteA.TestA2">
        <test-method status="PASS" signature="testA2()[pri:0, instance:suiteA.TestA2@71c7db30]" name="testA2" duration-ms="6" started-at="2023-09-25T11:07:54Z" finished-at="2023-09-25T11:07:54Z">
          <reporter-output>
          </reporter-output>
        </test-method> <!-- testA2 -->
      </class> <!-- suiteA.TestA2 -->
      <class name="suiteA.TestA3">
        <test-method status="PASS" signature="testA3()[pri:0, instance:suiteA.TestA3@5a01ccaa]" name="testA3" duration-ms="1" started-at="2023-09-25T11:07:54Z" finished-at="2023-09-25T11:07:54Z">
          <reporter-output>
          </reporter-output>
        </test-method> <!-- testA3 -->
      </class> <!-- suiteA.TestA3 -->
      <class name="suiteA.TestA1">
        <test-method status="PASS" signature="testA1()[pri:0, instance:suiteA.TestA1@47f37ef1]" name="testA1" duration-ms="18" started-at="2023-09-25T11:07:54Z" finished-at="2023-09-25T11:07:54Z">
          <reporter-output>
          </reporter-output>
        </test-method> <!-- testA1 -->
      </class> <!-- suiteA.TestA1 -->
    </test> <!-- TestA -->
  </suite> <!-- SuiteA -->
  <suite name="SuiteB" duration-ms="115" started-at="2023-09-25T11:07:54Z" finished-at="2023-09-25T11:07:54Z">
    <groups>
    </groups>
    <test name="TestB" duration-ms="115" started-at="2023-09-25T11:07:54Z" finished-at="2023-09-25T11:07:54Z">
      <class name="suiteB.TestB1">
        <test-method status="PASS" signature="testB1()[pri:0, instance:suiteB.TestB1@2133c8f8]" name="testB1" duration-ms="1" started-at="2023-09-25T11:07:54Z" finished-at="2023-09-25T11:07:54Z">
          <reporter-output>
          </reporter-output>
        </test-method> <!-- testB1 -->
      </class> <!-- suiteB.TestB1 -->
      <class name="suiteB.TestB3">
        <test-method status="PASS" signature="testB3()[pri:0, instance:suiteB.TestB3@49e4cb85]" name="testB3" duration-ms="0" started-at="2023-09-25T11:07:54Z" finished-at="2023-09-25T11:07:54Z">
          <reporter-output>
          </reporter-output>
        </test-method> <!-- testB3 -->
      </class> <!-- suiteB.TestB3 -->
      <class name="suiteB.TestB2">
        <test-method status="PASS" signature="testB2()[pri:0, instance:suiteB.TestB2@7c30a502]" name="testB2" duration-ms="17" started-at="2023-09-25T11:07:54Z" finished-at="2023-09-25T11:07:54Z">
          <reporter-output>
          </reporter-output>
        </test-method> <!-- testB2 -->
      </class> <!-- suiteB.TestB2 -->
    </test> <!-- TestB -->
  </suite> <!-- SuiteB -->
</testng-results>
